GROUP,PACKAGE,CLASS,INSTRUCTION_MISSED,INSTRUCTION_COVERED,BRANCH_MISSED,BRANCH_COVERED,LINE_MISSED,LINE_COVERED,COMPLEXITY_MISSED,COMPLEXITY_COVERED,METHOD_MISSED,METHOD_COVERED
Citizen Intelligence Agency,com.hack23.cia.web.impl.ui.application.views.user.document.pagemode,DocumentDataPageModContentFactoryImpl,0,93,1,1,0,25,1,3,0,3
Citizen Intelligence Agency,com.hack23.cia.web.impl.ui.application.views.user.document.pagemode,DocumentDecisionPageModContentFactoryImpl,0,114,3,3,0,19,3,4,0,4
Citizen Intelligence Agency,com.hack23.cia.web.impl.ui.application.views.user.document.pagemode,DocumentReferencesPageModContentFactoryImpl,0,97,3,3,0,20,3,4,0,4
Citizen Intelligence Agency,com.hack23.cia.web.impl.ui.application.views.user.document.pagemode,AbstractDocumentPageModContentFactoryImpl,0,15,0,0,0,4,0,3,0,3
Citizen Intelligence Agency,com.hack23.cia.web.impl.ui.application.views.user.document.pagemode,DocumentPageVisitHistoryPageModContentFactoryImpl,0,42,0,0,0,11,0,3,0,3
Citizen Intelligence Agency,com.hack23.cia.web.impl.ui.application.views.user.document.pagemode,DocumentOverviewPageModContentFactoryImpl,8,265,6,10,2,70,6,5,0,3
Citizen Intelligence Agency,com.hack23.cia.web.impl.ui.application.views.user.document.pagemode,DocumentPersonReferencesPageModContentFactoryImpl,0,115,3,3,0,22,3,4,0,4
Citizen Intelligence Agency,com.hack23.cia.web.impl.ui.application.views.user.document.pagemode,DocumentDetailsPageModContentFactoryImpl,0,97,3,3,0,20,3,4,0,4
Citizen Intelligence Agency,com.hack23.cia.web.impl.ui.application.views.user.document.pagemode,DocumentActivityPageModContentFactoryImpl,0,109,3,3,0,20,3,4,0,4
Citizen Intelligence Agency,com.hack23.cia.web.impl.ui.application.views.user.document.pagemode,DocumentAttachementsPageModContentFactoryImpl,0,173,3,7,0,39,3,7,0,5
Citizen Intelligence Agency,com.hack23.cia.web.impl.ui.application.views.common.gridfactory.impl,GridFactoryImpl,0,208,3,19,0,47,3,17,0,9
Citizen Intelligence Agency,com.hack23.cia.web.impl.ui.application.views.common.gridfactory.impl,GridFactoryImpl.BeanNestedPropertyValueProvider,21,11,0,0,3,4,0,2,0,2
Citizen Intelligence Agency,com.hack23.cia.web.impl.ui.application.views.user.politicianranking,PoliticianRankingView,0,7,0,0,0,2,0,1,0,1
Citizen Intelligence Agency,com.hack23.cia.web.impl.ui.application.views.admin.common,AbstractAdminView,0,5,0,0,0,2,0,1,0,1
Citizen Intelligence Agency,com.hack23.cia.web.impl.ui.application.views.user.govermentbodyranking,GovernmentBodyRankingView,0,7,0,0,0,2,0,1,0,1
Citizen Intelligence Agency,com.hack23.cia.web.impl.ui.application.views.common.paging,PagingUtilImpl,0,148,0,14,0,34,0,10,0,3
Citizen Intelligence Agency,com.hack23.cia.web.impl.ui.application.views.user.govermentranking.pagemode,MinistryRankingGovernmentBodyExpenditurePageModContentFactoryImpl,0,37,0,0,0,10,0,3,0,3
Citizen Intelligence Agency,com.hack23.cia.web.impl.ui.application.views.user.govermentranking.pagemode,MinistryRankingGovernmentBodyIncomePageModContentFactoryImpl,0,37,0,0,0,10,0,3,0,3
Citizen Intelligence Agency,com.hack23.cia.web.impl.ui.application.views.user.govermentranking.pagemode,MinistryRankingGovernmentOutcomePageModContentFactoryImpl,0,37,0,0,0,10,0,3,0,3
Citizen Intelligence Agency,com.hack23.cia.web.impl.ui.application.views.user.govermentranking.pagemode,AbstractMinistryRankingPageModContentFactoryImpl,0,6,0,0,0,3,0,2,0,2
Citizen Intelligence Agency,com.hack23.cia.web.impl.ui.application.views.user.govermentranking.pagemode,MinistryRankingOverviewPageModContentFactoryImpl,0,37,0,0,0,10,0,3,0,3
Citizen Intelligence Agency,com.hack23.cia.web.impl.ui.application.views.user.govermentranking.pagemode,MinistryRankingCurrentPartiesLeaderScoreboardChartsPageModContentFactoryImpl,2,207,1,9,1,48,1,9,0,5
Citizen Intelligence Agency,com.hack23.cia.web.impl.ui.application.views.user.govermentranking.pagemode,MinistryRankingAllRolesChartsPageModContentFactoryImpl,0,46,0,0,0,13,0,3,0,3
Citizen Intelligence Agency,com.hack23.cia.web.impl.ui.application.views.user.govermentranking.pagemode,MinistryRankingCurrentPartiesChartsPageModContentFactoryImpl,0,54,0,0,0,15,0,3,0,3
Citizen Intelligence Agency,com.hack23.cia.web.impl.ui.application.views.user.govermentranking.pagemode,MinistryRankingCurrentMinistriesChartsPageModContentFactoryImpl,0,54,0,0,0,15,0,3,0,3
Citizen Intelligence Agency,com.hack23.cia.web.impl.ui.application.views.user.govermentranking.pagemode,MinistryRankingDataGridPageModContentFactoryImpl,0,117,0,0,0,15,0,4,0,4
Citizen Intelligence Agency,com.hack23.cia.web.impl.ui.application.views.user.govermentranking.pagemode,MinistryRankingAllPartiesChartsPageModContentFactoryImpl,0,54,0,0,0,15,0,3,0,3
Citizen Intelligence Agency,com.hack23.cia.web.impl.ui.application.views.user.govermentranking.pagemode,MinistryRankingPageVisitHistoryPageModContentFactoryImpl,0,38,0,0,0,10,0,3,0,3
Citizen Intelligence Agency,com.hack23.cia.web.impl.ui.application.views.user.govermentranking.pagemode,MinistryRankingGovernmentBodiesPageModContentFactoryImpl,0,37,0,0,0,10,0,3,0,3
Citizen Intelligence Agency,com.hack23.cia.web.impl.ui.application.views.user.govermentranking.pagemode,MinistryRankingAllMinistriesChartsPageModContentFactoryImpl,0,54,0,0,0,15,0,3,0,3
Citizen Intelligence Agency,com.hack23.cia.web.impl.ui.application.views.user.govermentbodyranking.pagemode,GovernmentBodyRankingExpenditurePageModContentFactoryImpl,0,37,0,0,0,10,0,3,0,3
Citizen Intelligence Agency,com.hack23.cia.web.impl.ui.application.views.user.govermentbodyranking.pagemode,GovernmentBodyRankingOverviewPageModContentFactoryImpl,0,50,0,0,0,16,0,6,0,6
Citizen Intelligence Agency,com.hack23.cia.web.impl.ui.application.views.user.govermentbodyranking.pagemode,GovernmentBodyRankingIncomePageModContentFactoryImpl,0,37,0,0,0,10,0,3,0,3
Citizen Intelligence Agency,com.hack23.cia.web.impl.ui.application.views.user.govermentbodyranking.pagemode,GovernmentBodyRankingDataGridPageModContentFactoryImpl,0,62,0,0,0,13,0,4,0,4
Citizen Intelligence Agency,com.hack23.cia.web.impl.ui.application.views.user.govermentbodyranking.pagemode,GovernmentBodyRankingPageVisitHistoryPageModContentFactoryImpl,0,43,0,0,0,12,0,4,0,4
Citizen Intelligence Agency,com.hack23.cia.web.impl.ui.application.views.user.govermentbodyranking.pagemode,GovernmentBodyRankingHeadCountPageModContentFactoryImpl,0,37,0,0,0,10,0,3,0,3
Citizen Intelligence Agency,com.hack23.cia.web.impl.ui.application.views.user.govermentbodyranking.pagemode,AbstractGovernmentBodyRankingPageModContentFactoryImpl,0,6,0,0,0,3,0,2,0,2
Citizen Intelligence Agency,com.hack23.cia.web.impl.ui.application.views.common.chartfactory.impl,ChartUtils,0,136,0,6,0,35,0,8,0,5
Citizen Intelligence Agency,com.hack23.cia.web.impl.ui.application.views.common.chartfactory.impl,AbstractChartDataManagerImpl,0,20,0,0,0,7,0,5,0,5
Citizen Intelligence Agency,com.hack23.cia.web.impl.ui.application.views.common.chartfactory.impl,ViewRiksdagenVoteDataBallotPartySummaryChartDataManagerImpl,0,17,0,0,0,5,0,2,0,2
Citizen Intelligence Agency,com.hack23.cia.web.impl.ui.application.views.common.chartfactory.impl,CommitteeGhantChartManagerImpl.RoleMapping,0,8,0,0,0,1,0,1,0,1
Citizen Intelligence Agency,com.hack23.cia.web.impl.ui.application.views.common.chartfactory.impl,DocumentChartDataManagerImpl,7,156,4,14,2,29,4,12,0,7
Citizen Intelligence Agency,com.hack23.cia.web.impl.ui.application.views.common.chartfactory.impl,DecisionFlowChartManagerImpl,2,449,10,10,1,130,10,30,0,30
Citizen Intelligence Agency,com.hack23.cia.web.impl.ui.application.views.common.chartfactory.impl,MinistryGhantChartManagerImpl,0,20,0,0,0,5,0,5,0,5
Citizen Intelligence Agency,com.hack23.cia.web.impl.ui.application.views.common.chartfactory.impl,MinistryGhantChartManagerImpl.new AbstractGhantChartManagerImpl.StepMapping() {...},0,34,0,0,0,9,0,9,0,9
Citizen Intelligence Agency,com.hack23.cia.web.impl.ui.application.views.common.chartfactory.impl,DecisionChartDataManagerImpl,2,298,7,17,0,58,7,17,0,12
Citizen Intelligence Agency,com.hack23.cia.web.impl.ui.application.views.common.chartfactory.impl,PoliticianDataManagerImpl,0,113,2,4,0,25,2,5,0,4
Citizen Intelligence Agency,com.hack23.cia.web.impl.ui.application.views.common.chartfactory.impl,PartyChartDataManagerImpl,4,352,4,16,1,69,4,22,0,16
Citizen Intelligence Agency,com.hack23.cia.web.impl.ui.application.views.common.chartfactory.impl,ViewRiksdagenVoteDataBallotPoliticianSummaryChartDataManagerImpl,0,17,0,0,0,5,0,2,0,2
Citizen Intelligence Agency,com.hack23.cia.web.impl.ui.application.views.common.chartfactory.impl,PartyCoalationChartDataManagerImpl,0,130,1,9,0,23,1,9,0,5
Citizen Intelligence Agency,com.hack23.cia.web.impl.ui.application.views.common.chartfactory.impl,PartyGhantChartManagerImpl.new AbstractGhantChartManagerImpl.StepMapping() {...},0,66,1,7,0,16,1,12,0,9
Citizen Intelligence Agency,com.hack23.cia.web.impl.ui.application.views.common.chartfactory.impl,DateUtils,0,26,0,2,0,6,0,3,0,2
Citizen Intelligence Agency,com.hack23.cia.web.impl.ui.application.views.common.chartfactory.impl,ViewRiksdagenVoteDataBallotPoliticianSummaryDailyChartDataManagerImpl,0,16,0,0,0,5,0,2,0,2
Citizen Intelligence Agency,com.hack23.cia.web.impl.ui.application.views.common.chartfactory.impl,AbstractGhantChartManagerImpl,0,309,2,12,0,69,2,16,0,11
Citizen Intelligence Agency,com.hack23.cia.web.impl.ui.application.views.common.chartfactory.impl,PoliticianGhantChartManagerImpl.new AbstractGhantChartManagerImpl.StepMapping() {...},0,56,0,6,0,17,0,12,0,9
Citizen Intelligence Agency,com.hack23.cia.web.impl.ui.application.views.common.chartfactory.impl,PartySupportsChartDataManagerImpl,0,117,0,4,0,22,0,6,0,4
Citizen Intelligence Agency,com.hack23.cia.web.impl.ui.application.views.common.chartfactory.impl,WorldIndicatorChartDataManagerImpl,0,104,3,9,0,17,3,5,0,2
Citizen Intelligence Agency,com.hack23.cia.web.impl.ui.application.views.common.chartfactory.impl,CommitteeGhantChartManagerImpl,0,15,0,0,0,5,0,4,0,4
Citizen Intelligence Agency,com.hack23.cia.web.impl.ui.application.views.common.chartfactory.impl,ChartDataManagerImpl,0,22,0,0,0,6,0,2,0,2
Citizen Intelligence Agency,com.hack23.cia.web.impl.ui.application.views.common.chartfactory.impl,PersonDocumentChartDataManagerImpl,4,147,2,6,1,30,2,9,0,7
Citizen Intelligence Agency,com.hack23.cia.web.impl.ui.application.views.common.chartfactory.impl,PartyGhantChartManagerImpl.RoleMapping,0,3,0,0,0,1,0,1,0,1
Citizen Intelligence Agency,com.hack23.cia.web.impl.ui.application.views.common.chartfactory.impl,GovernmentOutcomeChartDataManagerImpl,0,90,0,2,0,19,0,4,0,3
Citizen Intelligence Agency,com.hack23.cia.web.impl.ui.application.views.common.chartfactory.impl,PartyGhantChartManagerImpl,0,20,0,0,0,5,0,5,0,5
Citizen Intelligence Agency,com.hack23.cia.web.impl.ui.application.views.common.chartfactory.impl,ChartOptionsImpl,0,490,0,0,0,73,0,22,0,22
Citizen Intelligence Agency,com.hack23.cia.web.impl.ui.application.views.common.chartfactory.impl,PoliticianGhantChartManagerImpl,0,20,0,0,0,5,0,5,0,5
Citizen Intelligence Agency,com.hack23.cia.web.impl.ui.application.views.common.chartfactory.impl,AdminChartDataManagerImpl,1,421,4,16,0,84,4,19,0,13
Citizen Intelligence Agency,com.hack23.cia.web.impl.ui.application.views.common.chartfactory.impl,MinistryGhantChartManagerImpl.RoleMapping,0,8,0,0,0,1,0,1,0,1
Citizen Intelligence Agency,com.hack23.cia.web.impl.ui.application.views.common.chartfactory.impl,PartyDocumentChartDataManagerImpl,4,153,2,6,1,31,2,9,0,7
Citizen Intelligence Agency,com.hack23.cia.web.impl.ui.application.views.common.chartfactory.impl,OrgDocumentChartDataManagerImpl,7,208,5,11,2,44,5,13,0,10
Citizen Intelligence Agency,com.hack23.cia.web.impl.ui.application.views.common.chartfactory.impl,CommitteeGhantChartManagerImpl.new AbstractGhantChartManagerImpl.StepMapping() {...},0,34,0,0,0,9,0,9,0,9
Citizen Intelligence Agency,com.hack23.cia.web.impl.ui.application.views.common.chartfactory.impl,PoliticianGhantChartManagerImpl.RoleMapping,0,15,0,2,0,3,0,2,0,1
Citizen Intelligence Agency,com.hack23.cia.web.impl.ui.application.views.common.chartfactory.impl,GovernmentBodyChartDataManagerImpl,9,956,18,22,1,226,18,58,0,56
Citizen Intelligence Agency,com.hack23.cia.web.impl.ui.application.views.common.chartfactory.impl,BallotChartDataManagerImpl,0,262,0,4,0,31,0,5,0,3
Citizen Intelligence Agency,com.hack23.cia.web.impl.ui.application.util,UserContextUtil,3,62,2,12,2,19,3,8,1,3
Citizen Intelligence Agency,com.hack23.cia.web.impl.ui.application.util,WebBrowserUtil,14,47,3,1,5,13,3,3,1,3
Citizen Intelligence Agency,com.hack23.cia.web.impl.ui.application.views.common.pagemode,AbstractBasicPageModContentFactoryImpl,0,5,0,0,0,3,0,2,0,2
Citizen Intelligence Agency,com.hack23.cia.web.impl.ui.application.views.common.pagemode,MainViewRegisterPageModContentFactoryImpl,0,131,0,0,0,31,0,4,0,4
Citizen Intelligence Agency,com.hack23.cia.web.impl.ui.application.views.common.pagemode,PartyLeaderUtil,0,81,1,5,0,14,1,7,0,5
Citizen Intelligence Agency,com.hack23.cia.web.impl.ui.application.views.common.pagemode,DashboardViewOverviewPageModContentFactoryImpl,0,809,3,7,0,179,3,18,0,16
Citizen Intelligence Agency,com.hack23.cia.web.impl.ui.application.views.common.pagemode,LeaderCardUtil,5,914,9,15,0,190,9,16,0,13
Citizen Intelligence Agency,com.hack23.cia.web.impl.ui.application.views.common.pagemode,AbstractPageModContentFactoryImpl,0,155,3,7,0,42,3,16,0,14
Citizen Intelligence Agency,com.hack23.cia.web.impl.ui.application.views.common.pagemode,MainViewPageVisitHistoryPageModContentFactoryImpl,0,39,0,0,0,10,0,3,0,3
Citizen Intelligence Agency,com.hack23.cia.web.impl.ui.application.views.common.pagemode,MainViewOverviewPageModContentFactoryImpl,0,49,0,6,0,10,0,6,0,3
Citizen Intelligence Agency,com.hack23.cia.web.impl.ui.application.views.common.pagemode,CardInfoRowUtil,1,313,8,18,0,87,8,16,0,11
Citizen Intelligence Agency,com.hack23.cia.web.impl.ui.application.views.common.pagemode,MainViewLoginPageModContentFactoryImpl,0,127,0,0,0,31,0,4,0,4
Citizen Intelligence Agency,com.hack23.cia.web.impl.ui.application.views.common.pagemode,PoliticianLeaderboardUtil,8,568,21,27,1,102,21,21,0,18
Citizen Intelligence Agency,com.hack23.cia.web.impl.ui.application.views.common.pagemode,AbstractItemPageModContentFactoryImpl,1,10,1,1,0,3,1,2,0,2
Citizen Intelligence Agency,com.hack23.cia.web.impl.ui.application.views.user.documents.pagemode,DocumentsOverviewPageModContentFactoryImpl,0,228,0,0,0,19,0,4,0,4
Citizen Intelligence Agency,com.hack23.cia.web.impl.ui.application.views.user.documents.pagemode,AbstractDocumentsPageModContentFactoryImpl,0,6,0,0,0,3,0,2,0,2
Citizen Intelligence Agency,com.hack23.cia.web.impl.ui.application.views.user.country.pagemode,AbstractCountryPageModContentFactoryImpl,0,6,0,0,0,3,0,2,0,2
Citizen Intelligence Agency,com.hack23.cia.web.impl.ui.application.views.user.country.pagemode,WorldIndicatorsPageModContentFactoryImpl,0,168,5,7,0,40,5,6,0,5
Citizen Intelligence Agency,com.hack23.cia.web.impl.ui.application.views.user.country.pagemode,CountryRankingOverviewPageModContentFactoryImpl,0,37,0,0,0,10,0,3,0,3
Citizen Intelligence Agency,com.hack23.cia.web.impl.ui.application.views.common.pagelinks.impl,PageLinkFactoryImpl,0,402,0,0,0,82,0,17,0,17
Citizen Intelligence Agency,com.hack23.cia.web.impl.ui.application.views.common.pagelinks.impl,StreamSourceImplementation,0,31,0,0,0,8,0,3,0,3
Citizen Intelligence Agency,com.hack23.cia.web.impl.ui.application.views.common.pagelinks.impl,ExternalAttachmentDownloadLink,0,56,0,0,0,16,0,2,0,2
Citizen Intelligence Agency,com.hack23.cia.web.impl.ui.application.web.listener,HttpSessionDestroyedEventListener,0,51,0,0,0,14,0,3,0,3
Citizen Intelligence Agency,com.hack23.cia.web.impl.ui.application.web.listener,AuthorizationFailureEventListener,0,170,6,6,0,32,6,3,0,3
Citizen Intelligence Agency,com.hack23.cia.web.impl.ui.application.web.listener,HttpSessionCreatedEventListener,0,14,0,0,0,5,0,3,0,3
Citizen Intelligence Agency,com.hack23.cia.web.impl.ui.application.views.common.pagelinks.api,PageModeMenuCommand,12,138,2,10,3,29,3,14,1,10
Citizen Intelligence Agency,com.hack23.cia.web.impl.ui.application.views.user.partyranking,PartyRankingView,0,7,0,0,0,2,0,1,0,1
Citizen Intelligence Agency,com.hack23.cia.web.impl.ui.application.views.user.party,PartyView,0,7,0,0,0,2,0,1,0,1
Citizen Intelligence Agency,com.hack23.cia.web.impl.ui.application.views.common.labelfactory,LabelFactory,0,16,0,0,0,5,0,1,0,1
Citizen Intelligence Agency,com.hack23.cia.web.impl.ui.application.views.user.politician,PoliticianView,0,7,0,0,0,2,0,1,0,1
Citizen Intelligence Agency,com.hack23.cia.web.impl.ui.application.views.common,AbstractView,0,521,2,8,0,130,2,15,0,12
Citizen Intelligence Agency,com.hack23.cia.web.impl.ui.application.views.common,DashboardView,0,7,0,0,0,2,0,1,0,1
Citizen Intelligence Agency,com.hack23.cia.web.impl.ui.application.views.common,MainView,0,7,0,0,0,2,0,1,0,1
Citizen Intelligence Agency,com.hack23.cia.web.impl.ui.application.views.user.common,AbstractRankingView,0,5,0,0,0,2,0,1,0,1
Citizen Intelligence Agency,com.hack23.cia.web.impl.ui.application.views.user.common,AbstractPersonView,0,5,0,0,0,2,0,1,0,1
Citizen Intelligence Agency,com.hack23.cia.web.impl.ui.application.views.user.common,AbstractUserView,0,5,0,0,0,2,0,1,0,1
Citizen Intelligence Agency,com.hack23.cia.web.impl.ui.application.views.user.common,AbstractGroupView,0,5,0,0,0,2,0,1,0,1
Citizen Intelligence Agency,com.hack23.cia.web.impl.ui.application.views.user.common,AbstractActorView,0,5,0,0,0,2,0,1,0,1
Citizen Intelligence Agency,com.hack23.cia.web.impl.ui.application.views.pageclicklisteners.handlers.impl,SearchDocumentResponseHandlerImpl,0,194,0,0,0,13,0,3,0,3
Citizen Intelligence Agency,com.hack23.cia.web.impl.ui.application.views.user.committeeranking,CommitteeRankingView,0,7,0,0,0,2,0,1,0,1
Citizen Intelligence Agency,com.hack23.cia.web.impl.ui.application.views.user.committee,CommitteeView,0,7,0,0,0,2,0,1,0,1
Citizen Intelligence Agency,com.hack23.cia.web.impl.ui.application.views.admin.agentoperations,AgentOperationView,0,7,0,0,0,2,0,1,0,1
Citizen Intelligence Agency,com.hack23.cia.web.impl.ui.application.views.admin.system.pagemode,AdminApplicationEventsChartsPageModContentFactoryImpl,0,39,0,0,0,10,0,3,0,3
Citizen Intelligence Agency,com.hack23.cia.web.impl.ui.application.views.admin.system.pagemode,AdminCountryPageModContentFactoryImpl,0,248,2,4,0,46,2,4,0,3
Citizen Intelligence Agency,com.hack23.cia.web.impl.ui.application.views.admin.system.pagemode,AbstractAdminSystemPageModContentFactoryImpl,0,28,0,0,0,10,0,4,0,4
Citizen Intelligence Agency,com.hack23.cia.web.impl.ui.application.views.admin.system.pagemode,AdminApplicationSessionChartsPageModContentFactoryImpl,0,39,0,0,0,10,0,3,0,3
Citizen Intelligence Agency,com.hack23.cia.web.impl.ui.application.views.admin.system.pagemode,AdminLanguagePageModContentFactoryImpl,0,230,2,4,0,50,2,4,0,3
Citizen Intelligence Agency,com.hack23.cia.web.impl.ui.application.views.admin.system.pagemode,AdminApplicationEventsPageModContentFactoryImpl,0,292,2,4,0,59,2,5,0,4
Citizen Intelligence Agency,com.hack23.cia.web.impl.ui.application.views.admin.system.pagemode,AdminApplicationSessionPageModContentFactoryImpl,0,394,2,4,0,59,2,5,0,4
Citizen Intelligence Agency,com.hack23.cia.web.impl.ui.application.views.admin.system.pagemode,AdminApplicationConfigurationPageModContentFactoryImpl,0,383,2,4,0,76,2,4,0,3
Citizen Intelligence Agency,com.hack23.cia.web.impl.ui.application.views.admin.system.pagemode,AdminMonitoringPageModContentFactoryImpl,0,45,0,0,0,12,0,2,0,2
Citizen Intelligence Agency,com.hack23.cia.web.impl.ui.application.views.admin.system.pagemode,AdminUserAccountPageModContentFactoryImpl,0,343,2,6,0,59,2,6,0,4
Citizen Intelligence Agency,com.hack23.cia.web.impl.ui.application.views.admin.system.pagemode,AdminPortalPageModContentFactoryImpl,0,212,2,4,0,40,2,4,0,3
Citizen Intelligence Agency,com.hack23.cia.web.impl.ui.application.views.admin.system.pagemode,EmailPageModContentFactoryImpl,0,103,0,0,0,24,0,3,0,3
Citizen Intelligence Agency,com.hack23.cia.web.impl.ui.application.views.admin.system.pagemode,AdminAgencyPageModContentFactoryImpl,0,310,2,4,0,53,2,4,0,3
Citizen Intelligence Agency,com.hack23.cia.web.impl.ui.application.views.admin.agentoperations.pagemode,AgentOperationsOverviewPageModContentFactoryImpl,0,105,0,0,0,26,0,3,0,3
Citizen Intelligence Agency,com.hack23.cia.web.impl.ui.application.views.admin.agentoperations.pagemode,AbstractAgentOperationsPageModContentFactoryImpl,0,4,0,0,0,2,0,1,0,1
Citizen Intelligence Agency,com.hack23.cia.web.impl.ui.application.views.common.formfactory.impl,StringToEnumConverter,3,6,0,0,1,2,1,2,1,2
Citizen Intelligence Agency,com.hack23.cia.web.impl.ui.application.views.common.formfactory.impl,FormFactoryImpl,17,344,5,15,6,78,5,14,0,9
Citizen Intelligence Agency,com.hack23.cia.web.impl.ui.application.views.user.parliament,ParliamentRankingView,0,7,0,0,0,2,0,1,0,1
Citizen Intelligence Agency,com.hack23.cia.web.impl.ui.application,CitizenIntelligenceAgencyUI,0,159,0,2,0,28,0,4,0,3
Citizen Intelligence Agency,com.hack23.cia.web.impl.ui.application,ResourceServlet,0,12,0,0,0,5,0,2,0,2
Citizen Intelligence Agency,com.hack23.cia.web.impl.ui.application,CitizenIntelligenceAgencySpringVaadinServlet,0,64,1,3,0,20,1,6,0,5
Citizen Intelligence Agency,com.hack23.cia.web.impl.ui.application,UiInstanceErrorHandler,14,23,1,1,2,7,1,3,0,3
Citizen Intelligence Agency,com.hack23.cia.web.impl.ui.application,CitizenIntelligenceAgencyHealthCheckServlet,0,11,0,0,0,5,0,2,0,2
Citizen Intelligence Agency,com.hack23.cia.web.impl.ui.application,VaadinSpringConfig,0,3,0,0,0,2,0,1,0,1
Citizen Intelligence Agency,com.hack23.cia.web.impl.ui.application,CustomSpringUIProvider,0,60,0,0,0,15,0,4,0,4
Citizen Intelligence Agency,com.hack23.cia.web.impl.ui.application.views.common.dataseriesfactory.impl,PartyDataSeriesFactoryImpl,2,243,3,19,1,50,3,15,0,7
Citizen Intelligence Agency,com.hack23.cia.web.impl.ui.application.views.common.dataseriesfactory.impl,MinistryDataSeriesFactoryImpl,0,151,1,11,0,29,1,9,0,4
Citizen Intelligence Agency,com.hack23.cia.web.impl.ui.application.views.common.dataseriesfactory.impl,DecisionDataFactoryImpl,18,199,9,27,7,53,9,21,0,12
Citizen Intelligence Agency,com.hack23.cia.web.impl.ui.application.views.common.dataseriesfactory.impl,CommitteeDataSeriesFactoryImpl,0,153,1,11,0,29,1,9,0,4
Citizen Intelligence Agency,com.hack23.cia.web.impl.ui.application.views.common.dataseriesfactory.api,ProposalCommitteeeSummary,0,44,0,0,0,5,0,1,0,1
Citizen Intelligence Agency,com.hack23.cia.web.impl.ui.application.views.user.committeeranking.pagemode,CommitteeRankingCurrentCommitteePartiesChartsPageModContentFactoryImpl,0,54,0,0,0,15,0,3,0,3
Citizen Intelligence Agency,com.hack23.cia.web.impl.ui.application.views.user.committeeranking.pagemode,CommitteeRankingCurrentCommitteesChartsPageModContentFactoryImpl,0,54,0,0,0,14,0,3,0,3
Citizen Intelligence Agency,com.hack23.cia.web.impl.ui.application.views.user.committeeranking.pagemode,CommitteeRankingPageVisitHistoryPageModContentFactoryImpl,0,38,0,0,0,10,0,3,0,3
Citizen Intelligence Agency,com.hack23.cia.web.impl.ui.application.views.user.committeeranking.pagemode,CommitteeRankingAllCommitteesChartsPageModContentFactoryImpl,0,54,0,0,0,14,0,3,0,3
Citizen Intelligence Agency,com.hack23.cia.web.impl.ui.application.views.user.committeeranking.pagemode,CommitteeRankingDataGridPageModContentFactoryImpl,0,153,0,0,0,16,0,4,0,4
Citizen Intelligence Agency,com.hack23.cia.web.impl.ui.application.views.user.committeeranking.pagemode,AbstractCommitteeRankingPageModContentFactoryImpl,0,6,0,0,0,3,0,2,0,2
Citizen Intelligence Agency,com.hack23.cia.web.impl.ui.application.views.user.committeeranking.pagemode,CommitteeRankingOverviewPageModContentFactoryImpl,0,37,0,0,0,10,0,3,0,3
Citizen Intelligence Agency,com.hack23.cia.web.impl.ui.application.views.user.committeeranking.pagemode,CommitteeRankingCommitteeByPartyChartsPageModContentFactoryImpl,0,54,0,0,0,15,0,3,0,3
Citizen Intelligence Agency,com.hack23.cia.web.impl.ui.application.views.user.documents,DocumentsView,0,7,0,0,0,2,0,1,0,1
Citizen Intelligence Agency,com.hack23.cia.web.impl.ui.application.views.common.menufactory.impl,PoliticianMenuItemFactoryImpl,0,199,0,0,0,51,0,3,0,3
Citizen Intelligence Agency,com.hack23.cia.web.impl.ui.application.views.common.menufactory.impl,PoliticianRankingMenuItemFactoryImpl,0,85,0,0,0,20,0,4,0,4
Citizen Intelligence Agency,com.hack23.cia.web.impl.ui.application.views.common.menufactory.impl,PartyMenuItemFactoryImpl,0,299,0,0,0,74,0,3,0,3
Citizen Intelligence Agency,com.hack23.cia.web.impl.ui.application.views.common.menufactory.impl,MinistryMenuItemFactoryImpl,0,191,0,0,0,49,0,3,0,3
Citizen Intelligence Agency,com.hack23.cia.web.impl.ui.application.views.common.menufactory.impl,GovernmentBodyMenuItemFactoryImpl,0,84,0,0,0,24,0,3,0,3
Citizen Intelligence Agency,com.hack23.cia.web.impl.ui.application.views.common.menufactory.impl,BallotMenuItemFactoryImpl,0,34,0,0,0,12,0,3,0,3
Citizen Intelligence Agency,com.hack23.cia.web.impl.ui.application.views.common.menufactory.impl,UserHomeMenuItemFactoryImpl,0,62,0,0,0,14,0,3,0,3
Citizen Intelligence Agency,com.hack23.cia.web.impl.ui.application.views.common.menufactory.impl,PartyRankingMenuItemFactoryImpl,0,139,0,0,0,29,0,4,0,4
Citizen Intelligence Agency,com.hack23.cia.web.impl.ui.application.views.common.menufactory.impl,DocumentMenuItemFactoryImpl,0,170,0,0,0,45,0,4,0,4
Citizen Intelligence Agency,com.hack23.cia.web.impl.ui.application.views.common.menufactory.impl,ParliamentMenuItemFactoryImpl,0,166,0,0,0,37,0,4,0,4
Citizen Intelligence Agency,com.hack23.cia.web.impl.ui.application.views.common.menufactory.impl,CommitteeMenuItemFactoryImpl,0,211,0,0,0,53,0,3,0,3
Citizen Intelligence Agency,com.hack23.cia.web.impl.ui.application.views.common.menufactory.impl,GovernmentBodyRankingMenuItemFactoryImpl,0,124,0,0,0,27,0,4,0,4
Citizen Intelligence Agency,com.hack23.cia.web.impl.ui.application.views.common.menufactory.impl,MinistryRankingMenuItemFactoryImpl,0,181,0,0,0,36,0,4,0,4
Citizen Intelligence Agency,com.hack23.cia.web.impl.ui.application.views.common.menufactory.impl,CountryMenuItemFactoryImpl,2,204,2,10,0,44,3,15,1,11
Citizen Intelligence Agency,com.hack23.cia.web.impl.ui.application.views.common.menufactory.impl,AbstractMenuItemFactoryImpl,0,274,2,4,0,59,2,5,0,4
Citizen Intelligence Agency,com.hack23.cia.web.impl.ui.application.views.common.menufactory.impl,CommitteeRankingMenuItemFactoryImpl,0,109,0,0,0,24,0,4,0,4
Citizen Intelligence Agency,com.hack23.cia.web.impl.ui.application.views.common.menufactory.impl,ApplicationMenuItemFactoryImpl,0,233,0,0,0,47,0,4,0,4
Citizen Intelligence Agency,com.hack23.cia.web.impl.ui.application.views.admin.datasummary,AdminDataSummaryView,0,7,0,0,0,2,0,1,0,1
Citizen Intelligence Agency,com.hack23.cia.web.impl.ui.application.views.user.goverment,MinistryView,0,7,0,0,0,2,0,1,0,1
Citizen Intelligence Agency,com.hack23.cia.web.impl.ui.application.views.common.viewnames,PartyPageMode,0,87,0,0,0,15,0,1,0,1
Citizen Intelligence Agency,com.hack23.cia.web.impl.ui.application.views.common.viewnames,ChartIndicators,0,207,0,0,0,35,0,1,0,1
Citizen Intelligence Agency,com.hack23.cia.web.impl.ui.application.views.common.viewnames,UserHomePageMode,0,21,0,0,0,4,0,1,0,1
Citizen Intelligence Agency,com.hack23.cia.web.impl.ui.application.views.common.viewnames,RiskIndicators,0,15,0,0,0,3,0,1,0,1
Citizen Intelligence Agency,com.hack23.cia.web.impl.ui.application.views.common.viewnames,CommitteePageMode,0,51,0,0,0,9,0,1,0,1
Citizen Intelligence Agency,com.hack23.cia.web.impl.ui.application.views.common.viewnames,ApplicationPageMode,0,21,0,0,0,4,0,1,0,1
Citizen Intelligence Agency,com.hack23.cia.web.impl.ui.application.views.common.viewnames,PageMode,0,57,0,0,0,10,0,1,0,1
Citizen Intelligence Agency,com.hack23.cia.web.impl.ui.application.views.common.viewnames,GovernmentBodyPageMode,0,21,0,0,0,4,0,1,0,1
Citizen Intelligence Agency,com.hack23.cia.web.impl.ui.application.views.common.viewnames,DocumentPageMode,0,45,0,0,0,8,0,1,0,1
Citizen Intelligence Agency,com.hack23.cia.web.impl.ui.application.views.common.viewnames,DataSummaryPageMode,0,9,0,0,0,2,0,1,0,1
Citizen Intelligence Agency,com.hack23.cia.web.impl.ui.application.views.common.viewnames,MinistryPageMode,0,57,0,0,0,10,0,1,0,1
Citizen Intelligence Agency,com.hack23.cia.web.impl.ui.application.views.common.viewnames,PoliticianPageMode,0,45,0,0,0,8,0,1,0,1
Citizen Intelligence Agency,com.hack23.cia.web.impl.ui.application.views.user.docsearch,SearchDocumentView,0,7,0,0,0,2,0,1,0,1
Citizen Intelligence Agency,com.hack23.cia.web.impl.ui.application.views.user.home,UserHomeView,0,7,0,0,0,2,0,1,0,1
Citizen Intelligence Agency,com.hack23.cia.web.impl.ui.application.views.user.party.pagemode,PartyRoleGhantPageModContentFactoryImpl,0,56,0,0,0,16,0,3,0,3
Citizen Intelligence Agency,com.hack23.cia.web.impl.ui.application.views.user.party.pagemode,PartyDocumentHistoryPageModContentFactoryImpl,0,183,0,0,0,18,0,4,0,4
Citizen Intelligence Agency,com.hack23.cia.web.impl.ui.application.views.user.party.pagemode,PartyLeaderHistoryPageModContentFactoryImpl,0,134,0,0,0,18,0,4,0,4
Citizen Intelligence Agency,com.hack23.cia.web.impl.ui.application.views.user.party.pagemode,PartyCommitteeBallotDecisionSummaryPageModContentFactoryImpl,0,387,0,0,0,20,0,4,0,4
Citizen Intelligence Agency,com.hack23.cia.web.impl.ui.application.views.user.party.pagemode,PartyPageVisitHistoryPageModContentFactoryImpl,0,45,0,0,0,12,0,3,0,3
Citizen Intelligence Agency,com.hack23.cia.web.impl.ui.application.views.user.party.pagemode,PartyCurrentLeadersPageModContentFactoryImpl,0,156,0,0,0,19,0,4,0,4
Citizen Intelligence Agency,com.hack23.cia.web.impl.ui.application.views.user.party.pagemode,AbstractPartyPageModContentFactoryImpl,0,15,0,0,0,4,0,3,0,3
Citizen Intelligence Agency,com.hack23.cia.web.impl.ui.application.views.user.party.pagemode,PartyCommitteeRolesPageModContentFactoryImpl,0,144,0,0,0,19,0,4,0,4
Citizen Intelligence Agency,com.hack23.cia.web.impl.ui.application.views.user.party.pagemode,PartyCoalitionsAgainstAnnualSummaryChartPageModContentFactoryImpl,0,45,0,0,0,12,0,3,0,3
Citizen Intelligence Agency,com.hack23.cia.web.impl.ui.application.views.user.party.pagemode,PartyDocumentActivityPageModContentFactoryImpl,0,45,0,0,0,12,0,3,0,3
Citizen Intelligence Agency,com.hack23.cia.web.impl.ui.application.views.user.party.pagemode,PartySupportAnnualSummaryChartPageModContentFactoryImpl,0,39,0,0,0,10,0,3,0,3
Citizen Intelligence Agency,com.hack23.cia.web.impl.ui.application.views.user.party.pagemode,PartyCurrentMembersPageModContentFactoryImpl,0,260,0,0,0,19,0,4,0,4
Citizen Intelligence Agency,com.hack23.cia.web.impl.ui.application.views.user.party.pagemode,PartyWonDailySummaryChartPageModContentFactoryImpl,0,45,0,0,0,12,0,3,0,3
Citizen Intelligence Agency,com.hack23.cia.web.impl.ui.application.views.user.party.pagemode,PartyOverviewPageModContentFactoryImpl,3,521,7,7,0,110,7,9,0,9
Citizen Intelligence Agency,com.hack23.cia.web.impl.ui.application.views.user.party.pagemode,PartyGovernmentRolesPageModContentFactoryImpl,0,142,0,0,0,17,0,4,0,4
Citizen Intelligence Agency,com.hack23.cia.web.impl.ui.application.views.user.party.pagemode,PartyMemberHistoryPageModContentFactoryImpl,0,226,0,0,0,18,0,4,0,4
Citizen Intelligence Agency,com.hack23.cia.web.impl.ui.application.views.user.party.pagemode,PartyVoteHistoryPageModContentFactoryImpl,0,256,0,0,0,17,0,4,0,4
Citizen Intelligence Agency,com.hack23.cia.web.impl.ui.application.views.user.committee.pagemode,CommitteeDecisionFlowPageModContentFactoryImpl,15,209,4,2,3,52,3,13,0,13
Citizen Intelligence Agency,com.hack23.cia.web.impl.ui.application.views.user.committee.pagemode,CommitteeMemberHistoryPageModContentFactoryImpl,0,70,0,0,0,17,0,4,0,4
Citizen Intelligence Agency,com.hack23.cia.web.impl.ui.application.views.user.committee.pagemode,CommitteeDecisionSummaryPageModContentFactoryImpl,0,198,0,0,0,19,0,4,0,4
Citizen Intelligence Agency,com.hack23.cia.web.impl.ui.application.views.user.committee.pagemode,CommitteeGridConstants,0,310,0,0,0,7,0,1,0,1
Citizen Intelligence Agency,com.hack23.cia.web.impl.ui.application.views.user.committee.pagemode,AbstractCommitteePageModContentFactoryImpl,0,15,0,0,0,4,0,3,0,3
Citizen Intelligence Agency,com.hack23.cia.web.impl.ui.application.views.user.committee.pagemode,CommitteeOverviewPageModContentFactoryImpl,1,330,1,1,0,61,1,3,0,3
Citizen Intelligence Agency,com.hack23.cia.web.impl.ui.application.views.user.committee.pagemode,CommitteeBallotDecisionSummaryPageModContentFactoryImpl,0,299,0,0,0,21,0,4,0,4
Citizen Intelligence Agency,com.hack23.cia.web.impl.ui.application.views.user.committee.pagemode,CommitteeRoleGhantPageModContentFactoryImpl,0,58,0,0,0,16,0,3,0,3
Citizen Intelligence Agency,com.hack23.cia.web.impl.ui.application.views.user.committee.pagemode,CommitteeDocumentHistoryPageModContentFactoryImpl,0,79,0,0,0,18,0,4,0,4
Citizen Intelligence Agency,com.hack23.cia.web.impl.ui.application.views.user.committee.pagemode,CommitteeDocumentActivityPageModContentFactoryImpl,0,48,0,0,0,13,0,3,0,3
Citizen Intelligence Agency,com.hack23.cia.web.impl.ui.application.views.user.committee.pagemode,CommitteeCurrentMembersHistoryPageModContentFactoryImpl,0,88,0,0,0,17,0,4,0,4
Citizen Intelligence Agency,com.hack23.cia.web.impl.ui.application.views.user.committee.pagemode,CommitteeDecisionTypeDailySummaryPageModContentFactoryImpl,0,48,0,0,0,12,0,3,0,3
Citizen Intelligence Agency,com.hack23.cia.web.impl.ui.application.views.user.committee.pagemode,CommitteePageVisitHistoryPageModContentFactoryImpl,0,43,0,0,0,11,0,3,0,3
Citizen Intelligence Agency,com.hack23.cia.web.impl.ui.application.views.common.rows,RowUtil,3,178,0,0,2,45,1,3,1,3
Citizen Intelligence Agency,com.hack23.cia.web.impl.ui.application.views.user.docsearch.pagemode,SearchDocumentPageModContentFactoryImpl,0,109,0,0,0,28,0,4,0,4
Citizen Intelligence Agency,com.hack23.cia.web.impl.ui.application.views.user.parliament.pagemode,ParliamentPageVisitHistoryPageModContentFactoryImpl,0,38,0,0,0,10,0,3,0,3
Citizen Intelligence Agency,com.hack23.cia.web.impl.ui.application.views.user.parliament.pagemode,ParliamentChartsPartyGenderPageModContentFactoryImpl,0,37,0,0,0,10,0,3,0,3
Citizen Intelligence Agency,com.hack23.cia.web.impl.ui.application.views.user.parliament.pagemode,AbstractParliamentPageModContentFactoryImpl,0,6,0,0,0,3,0,2,0,2
Citizen Intelligence Agency,com.hack23.cia.web.impl.ui.application.views.user.parliament.pagemode,ParliamentChartsDocumentActivityByTypePageModContentFactoryImpl,0,37,0,0,0,10,0,3,0,3
Citizen Intelligence Agency,com.hack23.cia.web.impl.ui.application.views.user.parliament.pagemode,ParliamentChartsDecisionActivityByTypePageModContentFactoryImpl,0,37,0,0,0,10,0,3,0,3
Citizen Intelligence Agency,com.hack23.cia.web.impl.ui.application.views.user.parliament.pagemode,ParliamentRiskPageModContentFactoryImpl,0,220,0,6,0,31,0,8,0,5
Citizen Intelligence Agency,com.hack23.cia.web.impl.ui.application.views.user.parliament.pagemode,ParliamentChartsPartyAgePageModContentFactoryImpl,0,37,0,0,0,10,0,3,0,3
Citizen Intelligence Agency,com.hack23.cia.web.impl.ui.application.views.user.parliament.pagemode,ParliamentDecisionFlowPageModContentFactoryImpl,15,193,4,2,3,49,3,13,0,13
Citizen Intelligence Agency,com.hack23.cia.web.impl.ui.application.views.user.parliament.pagemode,ParliamentChartsPartyWinnerPageModContentFactoryImpl,0,37,0,0,0,10,0,3,0,3
Citizen Intelligence Agency,com.hack23.cia.web.impl.ui.application.views.user.parliament.pagemode,ParliamentRuleViolationsPageModContentFactoryImpl,0,196,0,4,0,27,0,7,0,5
Citizen Intelligence Agency,com.hack23.cia.web.impl.ui.application.views.user.parliament.pagemode,ParliamentOverviewPageModContentFactoryImpl,0,35,0,0,0,9,0,3,0,3
Citizen Intelligence Agency,com.hack23.cia.web.impl.ui.application.views.user.partyranking.pagemode,PartyRankingCurrentPartiesChartsPageModContentFactoryImpl,0,54,0,0,0,15,0,3,0,3
Citizen Intelligence Agency,com.hack23.cia.web.impl.ui.application.views.user.partyranking.pagemode,AbstractPartyRankingPageModContentFactoryImpl,0,6,0,0,0,3,0,2,0,2
Citizen Intelligence Agency,com.hack23.cia.web.impl.ui.application.views.user.partyranking.pagemode,PartyRankingDataGridPageModContentFactoryImpl,0,268,0,0,0,15,0,4,0,4
Citizen Intelligence Agency,com.hack23.cia.web.impl.ui.application.views.user.partyranking.pagemode,PartyRankingCurrentPartiesLeaderScoreboardPageModContentFactoryImpl,3,192,2,6,0,45,2,7,0,5
Citizen Intelligence Agency,com.hack23.cia.web.impl.ui.application.views.user.partyranking.pagemode,PartyRankingOverviewPageModContentFactoryImpl,0,37,0,0,0,10,0,3,0,3
Citizen Intelligence Agency,com.hack23.cia.web.impl.ui.application.views.user.partyranking.pagemode,PartyRankingCurrentGovernmentChartsPageModContentFactoryImpl,0,54,0,0,0,15,0,3,0,3
Citizen Intelligence Agency,com.hack23.cia.web.impl.ui.application.views.user.partyranking.pagemode,PartyRankingAllPartiesChartsPageModContentFactoryImpl,0,54,0,0,0,15,0,3,0,3
Citizen Intelligence Agency,com.hack23.cia.web.impl.ui.application.views.user.partyranking.pagemode,PartyRankingCurrentCommitteeChartsPageModContentFactoryImpl,0,54,0,0,0,15,0,3,0,3
Citizen Intelligence Agency,com.hack23.cia.web.impl.ui.application.views.user.partyranking.pagemode,PartyRankingPageVisitHistoryPageModContentFactoryImpl,0,38,0,0,0,10,0,3,0,3
Citizen Intelligence Agency,com.hack23.cia.web.impl.ui.application.views.user.govermentranking,MinistryRankingView,0,7,0,0,0,2,0,1,0,1
Citizen Intelligence Agency,com.hack23.cia.web.impl.ui.application.action,ViewAction,0,213,0,0,0,36,0,1,0,1
Citizen Intelligence Agency,com.hack23.cia.web.impl.ui.application.action,PageActionEventHelperImpl,0,76,1,11,0,20,1,7,0,2
Citizen Intelligence Agency,com.hack23.cia.web.impl.ui.application.views.user.country,CountryRankingView,0,7,0,0,0,2,0,1,0,1
Citizen Intelligence Agency,com.hack23.cia.web.impl.ui.application.views.user.parliament.pagemode.risk,ComplianceCheckImpl,3,79,0,2,1,15,1,7,1,6
Citizen Intelligence Agency,com.hack23.cia.web.impl.ui.application.views.common.converters,ListPropertyConverter,0,161,0,10,0,41,0,14,0,9
Citizen Intelligence Agency,com.hack23.cia.web.impl.ui.application.views.user.ballot,BallotView,0,7,0,0,0,2,0,1,0,1
Citizen Intelligence Agency,com.hack23.cia.web.impl.ui.application.views.common.menufactory.api.pagecommands,PageCommandPoliticianRankingConstants,0,53,0,0,0,10,0,1,0,1
Citizen Intelligence Agency,com.hack23.cia.web.impl.ui.application.views.common.menufactory.api.pagecommands,PageCommandGovernmentBodyRankingConstants,0,59,0,0,0,13,0,1,0,1
Citizen Intelligence Agency,com.hack23.cia.web.impl.ui.application.views.common.menufactory.api.pagecommands,PageCommandUserHomeConstants,0,28,0,0,0,7,0,1,0,1
Citizen Intelligence Agency,com.hack23.cia.web.impl.ui.application.views.common.menufactory.api.pagecommands,PageCommandGovernmentBodyConstants,0,34,0,0,0,8,0,1,0,1
Citizen Intelligence Agency,com.hack23.cia.web.impl.ui.application.views.common.menufactory.api.pagecommands,PageCommandPartyConstants,0,111,0,0,0,16,0,1,0,1
Citizen Intelligence Agency,com.hack23.cia.web.impl.ui.application.views.common.menufactory.api.pagecommands,PageCommandMinistryConstants,0,76,0,0,0,11,0,1,0,1
Citizen Intelligence Agency,com.hack23.cia.web.impl.ui.application.views.common.menufactory.api.pagecommands,PageCommandCommitteeConstants,0,77,0,0,0,20,0,1,0,1
Citizen Intelligence Agency,com.hack23.cia.web.impl.ui.application.views.common.menufactory.api.pagecommands,PageCommandParliamentRankingConstants,0,85,0,0,0,20,0,1,0,1
Citizen Intelligence Agency,com.hack23.cia.web.impl.ui.application.views.common.menufactory.api.pagecommands,PageCommandMinistryRankingConstants,0,101,0,0,0,24,0,1,0,1
Citizen Intelligence Agency,com.hack23.cia.web.impl.ui.application.views.common.menufactory.api.pagecommands,PageCommandPartyRankingConstants,0,59,0,0,0,13,0,1,0,1
Citizen Intelligence Agency,com.hack23.cia.web.impl.ui.application.views.common.menufactory.api.pagecommands,PageCommandAdminConstants,0,92,0,0,0,16,0,1,0,1
Citizen Intelligence Agency,com.hack23.cia.web.impl.ui.application.views.common.menufactory.api.pagecommands,PageCommandBallotConstants,0,13,0,0,0,2,0,1,0,1
Citizen Intelligence Agency,com.hack23.cia.web.impl.ui.application.views.common.menufactory.api.pagecommands,PageCommandMainViewConstants,0,52,0,0,0,11,0,1,0,1
Citizen Intelligence Agency,com.hack23.cia.web.impl.ui.application.views.common.menufactory.api.pagecommands,PageCommandDocumentConstants,0,68,0,0,0,17,0,1,0,1
Citizen Intelligence Agency,com.hack23.cia.web.impl.ui.application.views.common.menufactory.api.pagecommands,PageCommandPoliticianConstants,0,68,0,0,0,17,0,1,0,1
Citizen Intelligence Agency,com.hack23.cia.web.impl.ui.application.views.common.menufactory.api.pagecommands,PageCommandCountryRankingConstants,0,13,0,0,0,2,0,1,0,1
Citizen Intelligence Agency,com.hack23.cia.web.impl.ui.application.views.common.menufactory.api.pagecommands,PageCommandCommitteeRankingConstants,0,51,0,0,0,11,0,1,0,1
Citizen Intelligence Agency,com.hack23.cia.web.impl.ui.application.views.user.politicianranking.pagemode,PoliticianRankingChartsAllPartiesPageModContentFactoryImpl,0,41,0,0,0,11,0,3,0,3
Citizen Intelligence Agency,com.hack23.cia.web.impl.ui.application.views.user.politicianranking.pagemode,PoliticianRankingOverviewPageModContentFactoryImpl,0,37,0,0,0,10,0,3,0,3
Citizen Intelligence Agency,com.hack23.cia.web.impl.ui.application.views.user.politicianranking.pagemode,AbstractPoliticianRankingPageModContentFactoryImpl,0,6,0,0,0,3,0,2,0,2
Citizen Intelligence Agency,com.hack23.cia.web.impl.ui.application.views.user.politicianranking.pagemode,PoliticianRankingDataGridPageModContentFactoryImpl,0,70,0,0,0,13,0,4,0,4
Citizen Intelligence Agency,com.hack23.cia.web.impl.ui.application.views.user.politicianranking.pagemode,PoliticianRankingPageVisitHistoryPageModContentFactoryImpl,0,38,0,0,0,10,0,3,0,3
Citizen Intelligence Agency,com.hack23.cia.web.impl.ui.application.views.user.politicianranking.pagemode,PoliticianRankingChartsCurrentPartiesPageModContentFactoryImpl,0,41,0,0,0,11,0,3,0,3
Citizen Intelligence Agency,com.hack23.cia.web.impl.ui.application.views.user.politicianranking.pagemode,PoliticianRankingGridConstants,0,242,0,0,0,3,0,1,0,1
Citizen Intelligence Agency,com.hack23.cia.web.impl.ui.application.views.admin.system,AdminLanguageView,0,7,0,0,0,2,0,1,0,1
Citizen Intelligence Agency,com.hack23.cia.web.impl.ui.application.views.admin.system,AdminMonitoringView,0,7,0,0,0,2,0,1,0,1
Citizen Intelligence Agency,com.hack23.cia.web.impl.ui.application.views.admin.system,AdminUseraccountView,0,7,0,0,0,2,0,1,0,1
Citizen Intelligence Agency,com.hack23.cia.web.impl.ui.application.views.admin.system,AdminEmailView,0,7,0,0,0,2,0,1,0,1
Citizen Intelligence Agency,com.hack23.cia.web.impl.ui.application.views.admin.system,AdminAgencyView,0,7,0,0,0,2,0,1,0,1
Citizen Intelligence Agency,com.hack23.cia.web.impl.ui.application.views.admin.system,AdminPortalView,0,7,0,0,0,2,0,1,0,1
Citizen Intelligence Agency,com.hack23.cia.web.impl.ui.application.views.admin.system,AdminApplicationEventsView,0,7,0,0,0,2,0,1,0,1
Citizen Intelligence Agency,com.hack23.cia.web.impl.ui.application.views.admin.system,AdminApplicationSessionView,0,7,0,0,0,2,0,1,0,1
Citizen Intelligence Agency,com.hack23.cia.web.impl.ui.application.views.admin.system,AdminApplicationConfigurationView,0,7,0,0,0,2,0,1,0,1
Citizen Intelligence Agency,com.hack23.cia.web.impl.ui.application.views.admin.system,AdminCountryView,0,7,0,0,0,2,0,1,0,1
Citizen Intelligence Agency,com.hack23.cia.web.impl.ui.application.views.user.politician.pagemode,AbstractPoliticianPageModContentFactoryImpl,2,73,1,1,1,17,1,6,0,6
Citizen Intelligence Agency,com.hack23.cia.web.impl.ui.application.views.user.politician.pagemode,PoliticianVotesHistoryPageModContentFactoryImpl,0,64,0,0,0,14,0,4,0,4
Citizen Intelligence Agency,com.hack23.cia.web.impl.ui.application.views.user.politician.pagemode,PoliticianPageVisitHistoryPageModContentFactoryImpl,0,49,0,0,0,13,0,3,0,3
Citizen Intelligence Agency,com.hack23.cia.web.impl.ui.application.views.user.politician.pagemode,PoliticianRoleGhantPageModContentFactoryImpl,0,58,0,0,0,15,0,3,0,3
Citizen Intelligence Agency,com.hack23.cia.web.impl.ui.application.views.user.politician.pagemode,PoliticianIndicatorsPageModContentFactoryImpl,0,46,0,0,0,12,0,3,0,3
Citizen Intelligence Agency,com.hack23.cia.web.impl.ui.application.views.user.politician.pagemode,PoliticianVoteHistoryConstants,0,202,0,0,0,3,0,1,0,1
Citizen Intelligence Agency,com.hack23.cia.web.impl.ui.application.views.user.politician.pagemode,PoliticianRoleSummaryPageModContentFactoryImpl,0,139,1,1,0,35,1,4,0,4
Citizen Intelligence Agency,com.hack23.cia.web.impl.ui.application.views.user.politician.pagemode,PoliticianDocumentActivityPageModContentFactoryImpl,0,46,0,0,0,12,0,3,0,3
Citizen Intelligence Agency,com.hack23.cia.web.impl.ui.application.views.user.politician.pagemode,PoliticianOverviewPageModContentFactoryImpl,7,468,3,3,4,119,3,13,0,13
Citizen Intelligence Agency,com.hack23.cia.web.impl.ui.application.views.user.politician.pagemode,PoliticianBallotDecisionSummaryPageModContentFactoryImpl,0,74,0,0,0,17,0,4,0,4
Citizen Intelligence Agency,com.hack23.cia.web.impl.ui.application.views.user.politician.pagemode,PoliticianRoleConstants,0,51,0,0,0,2,0,1,0,1
Citizen Intelligence Agency,com.hack23.cia.web.impl.ui.application.views.user.politician.pagemode,PoliticianRoleListPageModContentFactoryImpl,0,81,0,0,0,19,0,5,0,5
Citizen Intelligence Agency,com.hack23.cia.web.impl.ui.application.views.user.politician.pagemode,PoliticianDocumentHistoryPageModContentFactoryImpl,0,192,0,0,0,20,0,4,0,4
Citizen Intelligence Agency,com.hack23.cia.web.impl.ui.application.views.user.politician.pagemode,PoliticianBallotConstants,0,234,0,0,0,3,0,1,0,1
Citizen Intelligence Agency,com.hack23.cia.web.impl.ui.application.views.user.document,DocumentView,0,7,0,0,0,2,0,1,0,1
Citizen Intelligence Agency,com.hack23.cia.web.impl.ui.application.views.user.ballot.pagemode,AbstractBallotPageModContentFactoryImpl,0,22,0,0,0,7,0,3,0,3
Citizen Intelligence Agency,com.hack23.cia.web.impl.ui.application.views.user.ballot.pagemode,BallotChartsPageModContentFactoryImpl,20,225,4,10,2,55,4,9,1,5
Citizen Intelligence Agency,com.hack23.cia.web.impl.ui.application.views.user.ballot.pagemode,BallotOverviewPageModContentFactoryImpl,0,637,0,8,0,86,0,8,0,4
Citizen Intelligence Agency,com.hack23.cia.web.impl.ui.application.views.user.govermentbody,GovernmenBodyView,0,7,0,0,0,2,0,1,0,1
Citizen Intelligence Agency,com.hack23.cia.web.impl.ui.application.views.user.govermentbody.pagemode,GovernmentBodyExpenditurePageModContentFactoryImpl,0,60,3,3,0,15,3,3,0,3
Citizen Intelligence Agency,com.hack23.cia.web.impl.ui.application.views.user.govermentbody.pagemode,GovernmentBodyIconConstants,0,23,0,0,0,11,0,1,0,1
Citizen Intelligence Agency,com.hack23.cia.web.impl.ui.application.views.user.govermentbody.pagemode,GovernmentBodyOverviewPageModContentFactoryImpl,9,299,4,4,2,78,4,16,0,16
Citizen Intelligence Agency,com.hack23.cia.web.impl.ui.application.views.user.govermentbody.pagemode,GovernmentBodyIncomePageModContentFactoryImpl,0,60,3,3,0,15,3,3,0,3
Citizen Intelligence Agency,com.hack23.cia.web.impl.ui.application.views.user.govermentbody.pagemode,GovernmentBodyGridConstants,0,47,0,0,0,2,0,1,0,1
Citizen Intelligence Agency,com.hack23.cia.web.impl.ui.application.views.user.govermentbody.pagemode,GovernmentBodyPageVisitHistoryPageModContentFactoryImpl,0,40,0,0,0,10,0,3,0,3
Citizen Intelligence Agency,com.hack23.cia.web.impl.ui.application.views.user.govermentbody.pagemode,GovernmentBodyHeadcountPageModContentFactoryImpl,0,60,3,3,0,15,3,3,0,3
Citizen Intelligence Agency,com.hack23.cia.web.impl.ui.application.views.user.govermentbody.pagemode,AbstractGovernmentBodyPageModContentFactoryImpl,2,64,1,1,1,9,1,6,0,6
Citizen Intelligence Agency,com.hack23.cia.web.impl.ui.application.views.user.home.pagemode,UserHomeApplicationSessionsPageModContentFactoryImpl,0,141,1,1,0,20,1,4,0,4
Citizen Intelligence Agency,com.hack23.cia.web.impl.ui.application.views.user.home.pagemode,AbstractUserHomePageModContentFactoryImpl,0,15,0,0,0,6,0,2,0,2
Citizen Intelligence Agency,com.hack23.cia.web.impl.ui.application.views.user.home.pagemode,UserHomeApplicationEventsPageModContentFactoryImpl,0,141,1,1,0,19,1,4,0,4
Citizen Intelligence Agency,com.hack23.cia.web.impl.ui.application.views.user.home.pagemode,UserHomeOverviewPageModContentFactoryImpl,0,237,1,1,0,57,1,3,0,3
Citizen Intelligence Agency,com.hack23.cia.web.impl.ui.application.views.user.home.pagemode,UserHomeSecuritySettingsPageModContentFactoryImpl,0,290,0,0,0,74,0,8,0,8
Citizen Intelligence Agency,com.hack23.cia.web.impl.ui.application.views.admin.datasummary.pagemode,AbstractDataSummaryPageModContentFactoryImpl,0,4,0,0,0,2,0,1,0,1
Citizen Intelligence Agency,com.hack23.cia.web.impl.ui.application.views.admin.datasummary.pagemode,DataSummaryAuthorPageModContentFactoryImpl,0,83,0,0,0,17,0,4,0,4
Citizen Intelligence Agency,com.hack23.cia.web.impl.ui.application.views.admin.datasummary.pagemode,DataSummaryOverviewPageModContentFactoryImpl,0,231,0,0,0,52,0,4,0,4
Citizen Intelligence Agency,com.hack23.cia.web.impl.ui.application.views.user.goverment.pagemode,MinistryMemberHistoryPageModContentFactoryImpl,0,68,0,0,0,17,0,4,0,4
Citizen Intelligence Agency,com.hack23.cia.web.impl.ui.application.views.user.goverment.pagemode,MinistryRoleGhantPageModContentFactoryImpl,0,56,0,0,0,16,0,3,0,3
Citizen Intelligence Agency,com.hack23.cia.web.impl.ui.application.views.user.goverment.pagemode,MinistryDocumentConstants,0,119,0,0,0,2,0,1,0,1
Citizen Intelligence Agency,com.hack23.cia.web.impl.ui.application.views.user.goverment.pagemode,MinistryDocumentActivityPageModContentFactoryImpl,0,46,0,0,0,11,0,3,0,3
Citizen Intelligence Agency,com.hack23.cia.web.impl.ui.application.views.user.goverment.pagemode,MinistryCurrentMembersPageModContentFactoryImpl,0,86,0,0,0,17,0,4,0,4
Citizen Intelligence Agency,com.hack23.cia.web.impl.ui.application.views.user.goverment.pagemode,MinistryGovernmentBodiesHeadcountModContentFactoryImpl,0,46,0,0,0,13,0,3,0,3
Citizen Intelligence Agency,com.hack23.cia.web.impl.ui.application.views.user.goverment.pagemode,MinistryGovernmentBodiesIncomeModContentFactoryImpl,0,46,0,0,0,12,0,3,0,3
Citizen Intelligence Agency,com.hack23.cia.web.impl.ui.application.views.user.goverment.pagemode,MinistryOverviewPageModContentFactoryImpl,1,306,1,1,0,75,1,6,0,6
Citizen Intelligence Agency,com.hack23.cia.web.impl.ui.application.views.user.goverment.pagemode,MinistryIconConstants,0,29,0,0,0,14,0,1,0,1
Citizen Intelligence Agency,com.hack23.cia.web.impl.ui.application.views.user.goverment.pagemode,AbstractMinistryPageModContentFactoryImpl,0,15,0,0,0,4,0,3,0,3
Citizen Intelligence Agency,com.hack23.cia.web.impl.ui.application.views.user.goverment.pagemode,MinistryMemberConstants,0,63,0,0,0,2,0,1,0,1
Citizen Intelligence Agency,com.hack23.cia.web.impl.ui.application.views.user.goverment.pagemode,MinistryGovernmentBodiesExpenditureModContentFactoryImpl,0,46,0,0,0,13,0,3,0,3
Citizen Intelligence Agency,com.hack23.cia.web.impl.ui.application.views.user.goverment.pagemode,MinistryPageVisitHistoryPageModContentFactoryImpl,0,45,0,0,0,12,0,3,0,3
Citizen Intelligence Agency,com.hack23.cia.web.impl.ui.application.views.user.goverment.pagemode,MinistryDocumentHistoryPageModContentFactoryImpl,0,70,0,0,0,17,0,4,0,4
Citizen Intelligence Agency,com.hack23.cia.web.impl.ui.application.views.pageclicklistener,CommitFormWrapperClickListener,0,18,0,0,0,7,0,2,0,2
Citizen Intelligence Agency,com.hack23.cia.web.impl.ui.application.views.pageclicklistener,ApplicationLoginListener,0,47,0,2,0,12,0,4,0,3
Citizen Intelligence Agency,com.hack23.cia.web.impl.ui.application.views.pageclicklistener,RemoveDataClickListener,0,18,0,0,0,6,0,2,0,2
Citizen Intelligence Agency,com.hack23.cia.web.impl.ui.application.views.pageclicklistener,AbstractClickListener,0,20,0,0,0,7,0,3,0,3
Citizen Intelligence Agency,com.hack23.cia.web.impl.ui.application.views.pageclicklistener,UpdateApplicationConfigurationClickListener,0,46,0,2,0,11,0,4,0,3
Citizen Intelligence Agency,com.hack23.cia.web.impl.ui.application.views.pageclicklistener,ComplianceCheckPageItemRendererClickListener,5,39,1,3,1,12,1,6,0,5
Citizen Intelligence Agency,com.hack23.cia.web.impl.ui.application.views.pageclicklistener,LogoutClickListener,0,43,0,2,0,12,0,4,0,3
Citizen Intelligence Agency,com.hack23.cia.web.impl.ui.application.views.pageclicklistener,PageItemPropertyClickListener,0,63,0,2,0,16,0,5,0,4
Citizen Intelligence Agency,com.hack23.cia.web.impl.ui.application.views.pageclicklistener,StartAgentClickListener,0,35,0,0,0,11,0,3,0,3
Citizen Intelligence Agency,com.hack23.cia.web.impl.ui.application.views.pageclicklistener,RuleViolationPageItemRendererClickListener,5,39,1,3,1,12,1,6,0,5
Citizen Intelligence Agency,com.hack23.cia.web.impl.ui.application.views.pageclicklistener,RefreshDataViewsClickListener,0,18,0,0,0,6,0,2,0,2
Citizen Intelligence Agency,com.hack23.cia.web.impl.ui.application.views.pageclicklistener,ChangePasswordClickListener,0,34,0,2,0,10,0,4,0,3
Citizen Intelligence Agency,com.hack23.cia.web.impl.ui.application.views.pageclicklistener,UpdateSearchIndexClickListener,0,18,0,0,0,6,0,2,0,2
Citizen Intelligence Agency,com.hack23.cia.web.impl.ui.application.views.pageclicklistener,ManageUserAccountClickListener,12,33,1,1,2,10,1,3,0,3
Citizen Intelligence Agency,com.hack23.cia.web.impl.ui.application.views.pageclicklistener,SetGoogleAuthenticatorCredentialClickListener,11,86,0,2,3,24,0,4,0,3
Citizen Intelligence Agency,com.hack23.cia.web.impl.ui.application.views.pageclicklistener,AbstractPageItemRendererClickListener,0,47,0,2,0,10,0,5,0,4
Citizen Intelligence Agency,com.hack23.cia.web.impl.ui.application.views.pageclicklistener,SearchDocumentClickListener,0,55,0,2,0,14,0,4,0,3
Citizen Intelligence Agency,com.hack23.cia.web.impl.ui.application.views.pageclicklistener,DisableGoogleAuthenticatorCredentialClickListener,0,33,0,2,0,10,0,4,0,3
Citizen Intelligence Agency,com.hack23.cia.web.impl.ui.application.views.pageclicklistener,SendEmailClickListener,0,45,0,2,0,12,0,4,0,3
Citizen Intelligence Agency,com.hack23.cia.web.impl.ui.application.views.pageclicklistener,RegisterUserClickListener,12,34,1,1,3,9,1,3,0,3
Citizen Intelligence Agency,com.hack23.cia.web.impl.ui.application.views.pageclicklistener,DeleteAccountClickListener,0,33,0,2,0,10,0,4,0,3
Citizen Intelligence Agency,com.hack23.cia.web.impl.ui.application.views.pageclicklistener,DecisionFlowValueChangeListener,0,29,0,2,0,8,0,3,0,2
